Current Domain Information
	Current Time: 1
tCommitted Time: 1
NODE DATA: NumNodes: 7

numComponents: 7
 Node: 1
	Coordinates  : 1 0 
	Disps: 0 0 0 
	 unbalanced Load: 0 0 0 
	ID : -1 -1 -1 


 Node: 2
	Coordinates  : 1 4 
	Disps: 0.888595 -0.00119999 1.33348 
	 unbalanced Load: 0 0 0 
	ID : 0 1 2 


 Node: 3
	Coordinates  : 0 4 
	Disps: 0.888595 -2.33468 2.83348 
	 unbalanced Load: 0 -3 0 
	ID : 3 4 5 


 Node: 4
	Coordinates  : 1 6 
	Disps: -0.000666672 -0.00119999 0.000224968 
	 unbalanced Load: 0 0 0 
	ID : 6 7 8 


 Node: 5
	Coordinates  : 6 0 
	Disps: 0 0 0 
	 unbalanced Load: 0 0 0 
	ID : -1 -1 -1 


 Node: 6
	Coordinates  : 6 6 
	Disps: -0.000333339 -1.18279e-08 0.000172884 
	 unbalanced Load: 0 0 0 
	ID : 9 10 11 


 Node: 7
	Coordinates  : 11 6 
	Disps: 0 0.00086441 0.000172884 
	 unbalanced Load: 0 0 0 
	ID : -1 12 13 

ELEMENT DATA: NumEle: 6

numComponents: 6
ElasticBeam2d: 1
	Connected Nodes: 1 2 
	CoordTransf: 1
	mass density:  0, cMass: 0
	release code:  0
	End 1 Forces (P V M): 2.99998 0.666667 0.999964
	End 2 Forces (P V M): -2.99998 -0.666667 1.6667

ElasticBeam2d: 2
	Connected Nodes: 2 3 
	CoordTransf: 1
	mass density:  0, cMass: 0
	release code:  0
	End 1 Forces (P V M): 0 -3 -3
	End 2 Forces (P V M): 0 3 0

ElasticBeam2d: 3
	Connected Nodes: 2 4 
	CoordTransf: 1
	mass density:  0, cMass: 0
	release code:  0
	End 1 Forces (P V M): -1.97132e-05 0.666667 1.3333
	End 2 Forces (P V M): 1.97132e-05 -0.666667 3.88664e-05

ElasticBeam2d: 4
	Connected Nodes: 4 6 
	CoordTransf: 1
	mass density:  0, cMass: 0
	release code:  0
	End 1 Forces (P V M): -0.666667 -1.97132e-05 -3.88664e-05
	End 2 Forces (P V M): 0.666667 1.97132e-05 -5.96998e-05

ElasticBeam2d: 5
	Connected Nodes: 5 6 
	CoordTransf: 1
	mass density:  0, cMass: 0
	release code:  0
	End 1 Forces (P V M): 1.97132e-05 1.02952e-05 2.07166e-06
	End 2 Forces (P V M): -1.97132e-05 -1.02952e-05 5.96998e-05

ElasticBeam2d: 6
	Connected Nodes: 6 7 
	CoordTransf: 1
	mass density:  0, cMass: 0
	release code:  0
	End 1 Forces (P V M): -0.666677 0 0
	End 2 Forces (P V M): 0.666677 0 0

SP_Constraints: numConstraints: 7

numComponents: 7SP_Constraint: 0	 Node: 1 DOF: 1 ref value: 0 current value: 0
SP_Constraint: 1	 Node: 1 DOF: 2 ref value: 0 current value: 0
SP_Constraint: 2	 Node: 1 DOF: 3 ref value: 0 current value: 0
SP_Constraint: 3	 Node: 5 DOF: 1 ref value: 0 current value: 0
SP_Constraint: 4	 Node: 5 DOF: 2 ref value: 0 current value: 0
SP_Constraint: 5	 Node: 5 DOF: 3 ref value: 0 current value: 0
SP_Constraint: 6	 Node: 7 DOF: 1 ref value: 0 current value: 0

Pressure_Constraints: numConstraints: 0

numComponents: 0
MP_Constraints: numConstraints: 0

numComponents: 0
LOAD PATTERNS: numPatterns: 1


numComponents: 1Load Pattern: 201
  Scale Factor: 1
Linear Series: constant factor: 1
  Nodal Loads: 

numComponents: 1Nodal Load: 3 load : 0 -3 0 

  Elemental Loads: 

numComponents: 0
  Single Point Constraints: 

numComponents: 0
PARAMETERS: numParameters: 0


numComponents: 0